Using pre-set license

 COMMAND LINE ARGUMENTS:
/Applications/Unity/Hub/Editor/2020.3.0f1/Unity.app/Contents/MacOS/Unity
-adb2
-batchMode
-noUpm
-name
AssetImportWorker0
-projectPath
/Users/jiawenli/Downloads/pokemong-us
-logFile
Logs/AssetImportWorker0.log
-srvPort
65321
Successfully changed project path to: /Users/jiawenli/Downloads/pokemong-us
/Users/jiawenli/Downloads/pokemong-us
Using Asset Import Pipeline V2.
Refreshing native plugins compatible for Editor in 43.79 ms, found 2 plugins.
Preloading 0 native plugins for Editor in 0.00 ms.
Initialize engine version: 2020.3.0f1 (c7b5465681fb)
[Subsystems] Discovering subsystems at path /Applications/Unity/Hub/Editor/2020.3.0f1/Unity.app/Contents/Resources/UnitySubsystems
[Subsystems] Discovering subsystems at path /Users/jiawenli/Downloads/pokemong-us/Assets
GfxDevice: creating device client; threaded=0
2021-06-23 00:05:37.117 Unity[10701:9883173] Color LCD preferred device: Intel(R) Iris(TM) Plus Graphics 645 (low power)
2021-06-23 00:05:37.117 Unity[10701:9883173] Metal devices available: 1
2021-06-23 00:05:37.117 Unity[10701:9883173] 0: Intel(R) Iris(TM) Plus Graphics 645 (low power)
2021-06-23 00:05:37.117 Unity[10701:9883173] Using device Intel(R) Iris(TM) Plus Graphics 645 (low power)
Initializing Metal device caps: Intel(R) Iris(TM) Plus Graphics 645
Initialize mono
Mono path[0] = '/Applications/Unity/Hub/Editor/2020.3.0f1/Unity.app/Contents/Managed'
Mono path[1] = '/Applications/Unity/Hub/Editor/2020.3.0f1/Unity.app/Contents/MonoBleedingEdge/lib/mono/unityjit'
Mono config path = '/Applications/Unity/Hub/Editor/2020.3.0f1/Unity.app/Contents/MonoBleedingEdge/etc'
Using monoOptions --debugger-agent=transport=dt_socket,embedding=1,server=y,suspend=n,address=127.0.0.1:56701
Begin MonoManager ReloadAssembly
Registering precompiled unity dll's ...
Register platform support module: /Applications/Unity/Hub/Editor/2020.3.0f1/Unity.app/Contents/PlaybackEngines/MacStandaloneSupport/UnityEditor.OSXStandalone.Extensions.dll
Registered in 0.001847 seconds.
Native extension for OSXStandalone target not found
Refreshing native plugins compatible for Editor in 50.45 ms, found 1 plugins.
Preloading 0 native plugins for Editor in 0.00 ms.
Invoked RoslynAnalysisRunner static constructor.
RoslynAnalysisRunner will not be running.
RoslynAnalysisRunner has terminated.
Mono: successfully reloaded assembly
- Completed reload, in  2.301 seconds
Platform modules already initialized, skipping
Registering precompiled user dll's ...
Registered in 0.001236 seconds.
Begin MonoManager ReloadAssembly
Native extension for OSXStandalone target not found
Refreshing native plugins compatible for Editor in 41.36 ms, found 2 plugins.
Preloading 0 native plugins for Editor in 0.00 ms.
Invoked RoslynAnalysisRunner static constructor.
RoslynAnalysisRunner will not be running.
RoslynAnalysisRunner has terminated.
Mono: successfully reloaded assembly
- Completed reload, in  1.267 seconds
Platform modules already initialized, skipping
========================================================================
Worker process is ready to serve import requests
Launching external process: /Applications/Unity/Hub/Editor/2020.3.0f1/Unity.app/Contents/Tools/UnityShaderCompiler
Launched and connected shader compiler UnityShaderCompiler after 0.02 seconds
Refreshing native plugins compatible for Editor in 0.42 ms, found 2 plugins.
Preloading 0 native plugins for Editor in 0.00 ms.
Unloading 1807 Unused Serialized files (Serialized files now loaded: 0)
System memory in use before: 145.1 MB.
System memory in use after: 145.1 MB.

Unloading 19 unused Assets to reduce memory usage. Loaded Objects now: 2254.
Total: 2.567747 ms (FindLiveObjects: 0.340514 ms CreateObjectMapping: 0.108201 ms MarkObjects: 2.050707 ms  DeleteObjects: 0.067099 ms)

========================================================================
Received Import Request.
  path: Assets/Scripts/MainCamera.cs
  artifactKey: Guid(b699e73a906f44bb59ba0818a0cc30c9) Importer(815301076,1909f56bfc062723c751e8b465ee728b)
Start importing Assets/Scripts/MainCamera.cs using Guid(b699e73a906f44bb59ba0818a0cc30c9) Importer(815301076,1909f56bfc062723c751e8b465ee728b)  -> (artifact id: '155887d1f4dc5eaf54b55c9923b5274c') in 0.378810 seconds
  Import took 0.383234 seconds .

========================================================================
Received Prepare
Registering precompiled user dll's ...
Registered in 0.000758 seconds.
Begin MonoManager ReloadAssembly
Native extension for OSXStandalone target not found
Refreshing native plugins compatible for Editor in 0.44 ms, found 2 plugins.
Preloading 0 native plugins for Editor in 0.00 ms.
Invoked RoslynAnalysisRunner static constructor.
RoslynAnalysisRunner will not be running.
RoslynAnalysisRunner has terminated.
Mono: successfully reloaded assembly
- Completed reload, in  1.373 seconds
Platform modules already initialized, skipping
Refreshing native plugins compatible for Editor in 0.70 ms, found 2 plugins.
Preloading 0 native plugins for Editor in 0.00 ms.
Unloading 1797 Unused Serialized files (Serialized files now loaded: 0)
System memory in use before: 149.1 MB.
System memory in use after: 149.2 MB.

Unloading 8 unused Assets to reduce memory usage. Loaded Objects now: 2257.
Total: 2.466970 ms (FindLiveObjects: 0.368160 ms CreateObjectMapping: 0.108069 ms MarkObjects: 1.943790 ms  DeleteObjects: 0.029583 ms)

========================================================================
Received Import Request.
  Time since last request: 108.882722 seconds.
  path: Assets/Characters
  artifactKey: Guid(20850f6180f0649c4bbeb09160aeba33) Importer(815301076,1909f56bfc062723c751e8b465ee728b)
Start importing Assets/Characters using Guid(20850f6180f0649c4bbeb09160aeba33) Importer(815301076,1909f56bfc062723c751e8b465ee728b)  -> (artifact id: '13813b5db384da7b1473113b54b2f949') in 0.008965 seconds
  Import took 0.015273 seconds .

========================================================================
Received Import Request.
  Time since last request: 24.281005 seconds.
  path: Assets/Characters/among_us_sprites.png
  artifactKey: Guid(4b8db576abbda47f8ad13b3edb01096e) Importer(815301076,1909f56bfc062723c751e8b465ee728b)
Start importing Assets/Characters/among_us_sprites.png using Guid(4b8db576abbda47f8ad13b3edb01096e) Importer(815301076,1909f56bfc062723c751e8b465ee728b)  -> (artifact id: '9a020828638fdabfd9179f7ee57dc22f') in 1.100538 seconds
  Import took 1.104890 seconds .

========================================================================
Received Import Request.
  Time since last request: 9.035903 seconds.
  path: Assets/Characters/among_us_sprites.png
  artifactKey: Guid(4b8db576abbda47f8ad13b3edb01096e) Importer(815301076,1909f56bfc062723c751e8b465ee728b)
Start importing Assets/Characters/among_us_sprites.png using Guid(4b8db576abbda47f8ad13b3edb01096e) Importer(815301076,1909f56bfc062723c751e8b465ee728b)  -> (artifact id: 'f718d7035d37f4ff3c6448a3099df103') in 0.011519 seconds
  Import took 0.015395 seconds .

========================================================================
Received Import Request.
  Time since last request: 3.151599 seconds.
  path: Assets/Characters/among_us_sprites.png
  artifactKey: Guid(4b8db576abbda47f8ad13b3edb01096e) Importer(815301076,1909f56bfc062723c751e8b465ee728b)
Start importing Assets/Characters/among_us_sprites.png using Guid(4b8db576abbda47f8ad13b3edb01096e) Importer(815301076,1909f56bfc062723c751e8b465ee728b)  -> (artifact id: '36c674956d161f5f33a5ab9def56fd00') in 0.010354 seconds
  Import took 0.021061 seconds .

========================================================================
Received Import Request.
  Time since last request: 0.000898 seconds.
  path: Assets/Characters/among_us_sprites.png
  artifactKey: Guid(4b8db576abbda47f8ad13b3edb01096e) Importer(815301076,1909f56bfc062723c751e8b465ee728b)
Start importing Assets/Characters/among_us_sprites.png using Guid(4b8db576abbda47f8ad13b3edb01096e) Importer(815301076,1909f56bfc062723c751e8b465ee728b)  -> (artifact id: '36c674956d161f5f33a5ab9def56fd00') in 0.017470 seconds
  Import took 0.023200 seconds .

========================================================================
Received Import Request.
  Time since last request: 4.444373 seconds.
  path: Assets/Characters/among_us_sprites.png
  artifactKey: Guid(4b8db576abbda47f8ad13b3edb01096e) Importer(815301076,1909f56bfc062723c751e8b465ee728b)
Start importing Assets/Characters/among_us_sprites.png using Guid(4b8db576abbda47f8ad13b3edb01096e) Importer(815301076,1909f56bfc062723c751e8b465ee728b)  -> (artifact id: '3afe9bd235d0d91047521826d3a99d0e') in 0.008367 seconds
  Import took 0.013356 seconds .

========================================================================
Received Import Request.
  Time since last request: 8.340857 seconds.
  path: Assets/Characters/among_us_sprites.png
  artifactKey: Guid(4b8db576abbda47f8ad13b3edb01096e) Importer(815301076,1909f56bfc062723c751e8b465ee728b)
Start importing Assets/Characters/among_us_sprites.png using Guid(4b8db576abbda47f8ad13b3edb01096e) Importer(815301076,1909f56bfc062723c751e8b465ee728b)  -> (artifact id: '69c42853ef0ed37031a34609acc43d0c') in 0.032469 seconds
  Import took 0.037799 seconds .

========================================================================
Received Prepare
Registering precompiled user dll's ...
Registered in 0.001074 seconds.
Begin MonoManager ReloadAssembly
Native extension for OSXStandalone target not found
Refreshing native plugins compatible for Editor in 38.94 ms, found 2 plugins.
Preloading 0 native plugins for Editor in 0.00 ms.
Invoked RoslynAnalysisRunner static constructor.
RoslynAnalysisRunner will not be running.
RoslynAnalysisRunner has terminated.
Mono: successfully reloaded assembly
- Completed reload, in  0.920 seconds
Platform modules already initialized, skipping
Refreshing native plugins compatible for Editor in 0.46 ms, found 2 plugins.
Preloading 0 native plugins for Editor in 0.00 ms.
Unloading 2093 Unused Serialized files (Serialized files now loaded: 0)
System memory in use before: 151.1 MB.
System memory in use after: 151.2 MB.

Unloading 5 unused Assets to reduce memory usage. Loaded Objects now: 2558.
Total: 1.775836 ms (FindLiveObjects: 0.290102 ms CreateObjectMapping: 0.093793 ms MarkObjects: 1.377888 ms  DeleteObjects: 0.013105 ms)

AssetImportWorkerClient::OnTransportError - code=2 error=End of file
